<?xml version="1.0" encoding="UTF-8"?>
<!-- Generated by org.testng.reporters.JUnitReportReporter -->
<testsuite skipped="0" hostname="MacBook-Air-de-Eleazar.local" name="com.practiceFramework.company.testScripts.loginPage.LoginTest" tests="1" failures="0" timestamp="2020-06-11T20:00:44 CDT" time="9.519" errors="0">
  <testcase name="testLoginToApplication" time="9.519" classname="com.practiceFramework.company.testScripts.loginPage.LoginTest"/>
  <system-out>
captureScreen method called <a href='/Users/eleazarramirez/Documentos/PersonalWorkspace/PracticeFramework/src/main/resources/screenShots/blank_11_06_2020_08_00_39.png'><img src='/Users/eleazarramirez/Documentos/PersonalWorkspace/PracticeFramework/src/main/resources/screenShots/blank_11_06_2020_08_00_39.png'height='100' width='100'/></a> captureScreen method called <a href='/Users/eleazarramirez/Documentos/PersonalWorkspace/PracticeFramework/src/main/resources/screenShots/blank_11_06_2020_08_00_43.png'><img src='/Users/eleazarramirez/Documentos/PersonalWorkspace/PracticeFramework/src/main/resources/screenShots/blank_11_06_2020_08_00_43.png'height='100' width='100'/></a>  </system-out>
</testsuite> <!-- com.practiceFramework.company.testScripts.loginPage.LoginTest -->
