<?xml version="1.0" encoding="UTF-8"?>
<!-- Generated by org.testng.reporters.JUnitReportReporter -->
<testsuite skipped="0" hostname="MacBook-Air-de-Eleazar.local" name="com.practiceFramework.company.testScripts.registration.RegistrationTest" tests="1" failures="0" timestamp="2020-06-11T19:55:30 CDT" time="14.055" errors="0">
  <testcase name="testRegistration" time="14.055" classname="com.practiceFramework.company.testScripts.registration.RegistrationTest"/>
  <system-out>
captureScreen method called <a href='/Users/eleazarramirez/Documentos/PersonalWorkspace/PracticeFramework/src/main/resources/screenShots/blank_11_06_2020_07_55_20.png'><img src='/Users/eleazarramirez/Documentos/PersonalWorkspace/PracticeFramework/src/main/resources/screenShots/blank_11_06_2020_07_55_20.png'height='100' width='100'/></a> captureScreen method called <a href='/Users/eleazarramirez/Documentos/PersonalWorkspace/PracticeFramework/src/main/resources/screenShots/blank_11_06_2020_07_55_24.png'><img src='/Users/eleazarramirez/Documentos/PersonalWorkspace/PracticeFramework/src/main/resources/screenShots/blank_11_06_2020_07_55_24.png'height='100' width='100'/></a> captureScreen method called <a href='/Users/eleazarramirez/Documentos/PersonalWorkspace/PracticeFramework/src/main/resources/screenShots/blank_11_06_2020_07_55_29.png'><img src='/Users/eleazarramirez/Documentos/PersonalWorkspace/PracticeFramework/src/main/resources/screenShots/blank_11_06_2020_07_55_29.png'height='100' width='100'/></a>  </system-out>
</testsuite> <!-- com.practiceFramework.company.testScripts.registration.RegistrationTest -->
